<?xml version="1.0" encoding="utf-8"?><testsuites name="pytest tests"><testsuite name="pytest" errors="0" failures="0" skipped="0" tests="21" time="18.214" timestamp="2026-06-06T11:03:12.110196+00:00" hostname="agent-env-9f8b837b-c7ee-4344-9bda-620a25fb242b"><testcase classname="backend.tests.test_vortex_api.TestRoot" name="test_root_api" time="0.183" /><testcase classname="backend.tests.test_vortex_api.TestAuth" name="test_admin_login" time="0.361" /><testcase classname="backend.tests.test_vortex_api.TestAuth" name="test_login_invalid" time="0.326" /><testcase classname="backend.tests.test_vortex_api.TestAuth" name="test_me_with_token" time="0.106" /><testcase classname="backend.tests.test_vortex_api.TestAuth" name="test_me_unauthorized" time="0.101" /><testcase classname="backend.tests.test_vortex_api.TestAuth" name="test_signup_duplicate" time="0.448" /><testcase classname="backend.tests.test_vortex_api.TestAuth" name="test_signup_user_a_has_free_credits" time="0.105" /><testcase classname="backend.tests.test_vortex_api.TestForgotReset" name="test_forgot_reset_flow" time="1.409" /><testcase classname="backend.tests.test_vortex_api.TestForgotReset" name="test_forgot_unknown_email_silent" time="0.136" /><testcase classname="backend.tests.test_vortex_api.TestChat" name="test_chat_unauth" time="0.095" /><testcase classname="backend.tests.test_vortex_api.TestChat" name="test_chat_send_creates_conversation" time="7.210" /><testcase classname="backend.tests.test_vortex_api.TestChat" name="test_chat_continues_conversation" time="1.429" /><testcase classname="backend.tests.test_vortex_api.TestChat" name="test_get_conversation_persists_messages" time="0.100" /><testcase classname="backend.tests.test_vortex_api.TestConversations" name="test_list_for_user_a" time="0.111" /><testcase classname="backend.tests.test_vortex_api.TestConversations" name="test_user_b_isolated" time="0.434" /><testcase classname="backend.tests.test_vortex_api.TestConversations" name="test_user_b_cannot_access_user_a_conv" time="0.099" /><testcase classname="backend.tests.test_vortex_api.TestConversations" name="test_rename_conversation" time="0.195" /><testcase classname="backend.tests.test_vortex_api.TestConversations" name="test_delete_conversation" time="4.562" /><testcase classname="backend.tests.test_vortex_api.TestDashboard" name="test_summary_unauth" time="0.105" /><testcase classname="backend.tests.test_vortex_api.TestDashboard" name="test_summary_for_user_a" time="0.115" /><testcase classname="backend.tests.test_vortex_api.TestLogout" name="test_logout" time="0.423" /></testsuite></testsuites>