<?xml version="1.0" encoding="utf-8"?><testsuites name="pytest tests"><testsuite name="pytest" errors="0" failures="0" skipped="0" tests="21" time="11.282" timestamp="2026-06-06T10:20:10.260844+00:00" hostname="agent-env-9f8b837b-c7ee-4344-9bda-620a25fb242b"><testcase classname="backend.tests.test_vortex_api.TestRoot" name="test_root_api" time="0.181" /><testcase classname="backend.tests.test_vortex_api.TestAuth" name="test_admin_login" time="0.326" /><testcase classname="backend.tests.test_vortex_api.TestAuth" name="test_login_invalid" time="0.322" /><testcase classname="backend.tests.test_vortex_api.TestAuth" name="test_me_with_token" time="0.105" /><testcase classname="backend.tests.test_vortex_api.TestAuth" name="test_me_unauthorized" time="0.097" /><testcase classname="backend.tests.test_vortex_api.TestAuth" name="test_signup_duplicate" time="0.432" /><testcase classname="backend.tests.test_vortex_api.TestAuth" name="test_signup_user_a_has_free_credits" time="0.102" /><testcase classname="backend.tests.test_vortex_api.TestForgotReset" name="test_forgot_reset_flow" time="1.437" /><testcase classname="backend.tests.test_vortex_api.TestForgotReset" name="test_forgot_unknown_email_silent" time="0.095" /><testcase classname="backend.tests.test_vortex_api.TestChat" name="test_chat_unauth" time="0.109" /><testcase classname="backend.tests.test_vortex_api.TestChat" name="test_chat_send_creates_conversation" time="3.438" /><testcase classname="backend.tests.test_vortex_api.TestChat" name="test_chat_continues_conversation" time="1.862" /><testcase classname="backend.tests.test_vortex_api.TestChat" name="test_get_conversation_persists_messages" time="0.103" /><testcase classname="backend.tests.test_vortex_api.TestConversations" name="test_list_for_user_a" time="0.103" /><testcase classname="backend.tests.test_vortex_api.TestConversations" name="test_user_b_isolated" time="0.410" /><testcase classname="backend.tests.test_vortex_api.TestConversations" name="test_user_b_cannot_access_user_a_conv" time="0.112" /><testcase classname="backend.tests.test_vortex_api.TestConversations" name="test_rename_conversation" time="0.194" /><testcase classname="backend.tests.test_vortex_api.TestConversations" name="test_delete_conversation" time="1.155" /><testcase classname="backend.tests.test_vortex_api.TestDashboard" name="test_summary_unauth" time="0.100" /><testcase classname="backend.tests.test_vortex_api.TestDashboard" name="test_summary_for_user_a" time="0.114" /><testcase classname="backend.tests.test_vortex_api.TestLogout" name="test_logout" time="0.418" /></testsuite></testsuites>